<?xml version="1.0" encoding="UTF-8"?><testsuite errors="1" failures="0" name="Validate search cruises to the Bahamas" skipped="0" tests="1" time="120.47" timestamp="2021-04-20 05:37:43"><testcase name="Validate that the cruises are displayed as a grid"><error message="element not interactable&#10;  (Session info: chrome=90.0.4430.85)&#10;Build info: version: '3.141.5', revision: 'd54ebd709a', time: '2018-11-06T11:42:16'&#10;System info: host: 'LAPTOP-T6IPL1RK', ip: '192.168.1.15', os.name: 'Windows 10', os.arch: 'amd64', os.version: '10.0', java.version: '1.8.0_241'&#10;Driver info: org.openqa.selenium.remote.RemoteWebDriver&#10;Capabilities {acceptInsecureCerts: false, browserName: chrome, browserVersion: 90.0.4430.85, chrome: {chromedriverVersion: 89.0.4389.23 (61b08ee2c5002..., userDataDir: C:\Users\JUANPA~1\AppData\L...}, goog:chromeOptions: {debuggerAddress: localhost:57038}, javascriptEnabled: true, networkConnectionEnabled: false, pageLoadStrategy: normal, platform: WINDOWS, platformName: WINDOWS, proxy: Proxy(), setWindowRect: true, strictFileInteractability: false, timeouts: {implicit: 0, pageLoad: 300000, script: 30000}, unhandledPromptBehavior: ignore, webauthn:extension:largeBlob: true, webauthn:virtualAuthenticators: true}&#10;Session ID: c8dc1c8dfbe72bdd0c2062271950b531" type="org.openqa.selenium.ElementNotInteractableException">element not interactable
  (Session info: chrome=90.0.4430.85)
Build info: version: '3.141.5', revision: 'd54ebd709a', time: '2018-11-06T11:42:16'
System info: host: 'LAPTOP-T6IPL1RK', ip: '192.168.1.15', os.name: 'Windows 10', os.arch: 'amd64', os.version: '10.0', java.version: '1.8.0_241'
Driver info: org.openqa.selenium.remote.RemoteWebDriver
Capabilities {acceptInsecureCerts: false, browserName: chrome, browserVersion: 90.0.4430.85, chrome: {chromedriverVersion: 89.0.4389.23 (61b08ee2c5002..., userDataDir: C:\Users\JUANPA~1\AppData\L...}, goog:chromeOptions: {debuggerAddress: localhost:57038}, javascriptEnabled: true, networkConnectionEnabled: false, pageLoadStrategy: normal, platform: WINDOWS, platformName: WINDOWS, proxy: Proxy(), setWindowRect: true, strictFileInteractability: false, timeouts: {implicit: 0, pageLoad: 300000, script: 30000}, unhandledPromptBehavior: ignore, webauthn:extension:largeBlob: true, webauthn:virtualAuthenticators: true}
Session ID: c8dc1c8dfbe72bdd0c2062271950b531</error><system-err>element not interactable
  (Session info: chrome=90.0.4430.85)
Build info: version: '3.141.5', revision: 'd54ebd709a', time: '2018-11-06T11:42:16'
System info: host: 'LAPTOP-T6IPL1RK', ip: '192.168.1.15', os.name: 'Windows 10', os.arch: 'amd64', os.version: '10.0', java.version: '1.8.0_241'
Driver info: org.openqa.selenium.remote.RemoteWebDriver
Capabilities {acceptInsecureCerts: false, browserName: chrome, browserVersion: 90.0.4430.85, chrome: {chromedriverVersion: 89.0.4389.23 (61b08ee2c5002..., userDataDir: C:\Users\JUANPA~1\AppData\L...}, goog:chromeOptions: {debuggerAddress: localhost:57038}, javascriptEnabled: true, networkConnectionEnabled: false, pageLoadStrategy: normal, platform: WINDOWS, platformName: WINDOWS, proxy: Proxy(), setWindowRect: true, strictFileInteractability: false, timeouts: {implicit: 0, pageLoad: 300000, script: 30000}, unhandledPromptBehavior: ignore, webauthn:extension:largeBlob: true, webauthn:virtualAuthenticators: true}
Session ID: c8dc1c8dfbe72bdd0c2062271950b531&#13;
com.carnival.tasks.SelectCruises.performAs(SelectCruises.java:18)&#13;
com.carnival.stepdefinitions.SearchCruisesStepDefinition.selectSailToTheBahamasAndDurationBetweenSixAndNineDays(SearchCruisesStepDefinition.java:33)&#13;
cucumber.runner.Runner.runPickle(Runner.java:80)&#13;
</system-err></testcase></testsuite>